TN:
SF:operaciones.js
FN:1,(anonymous_0)
FN:8,(anonymous_1)
FN:14,(anonymous_2)
FN:15,(anonymous_3)
FN:22,residuo
FNF:5
FNH:5
FNDA:3,(anonymous_0)
FNDA:4,(anonymous_1)
FNDA:4,(anonymous_2)
FNDA:4,(anonymous_3)
FNDA:4,residuo
DA:1,1
DA:3,3
DA:4,1
DA:6,2
DA:8,1
DA:9,4
DA:10,3
DA:12,1
DA:14,4
DA:15,1
DA:16,4
DA:17,3
DA:18,2
DA:23,4
DA:24,3
DA:28,1
LF:16
LH:16
BRDA:3,0,0,1
BRDA:3,0,1,2
BRDA:3,1,0,3
BRDA:3,1,1,1
BRDA:9,2,0,3
BRDA:9,2,1,1
BRDA:9,3,0,4
BRDA:9,3,1,3
BRDA:16,4,0,1
BRDA:16,4,1,3
BRDA:16,5,0,4
BRDA:16,5,1,1
BRDA:17,6,0,1
BRDA:17,6,1,2
BRDA:23,7,0,1
BRDA:23,7,1,3
BRF:16
BRH:16
end_of_record
